0 info it worked if it ends with ok
1 verbose cli [ 'C:\\Program Files\\nodejs\\node.exe',
1 verbose cli   'C:\\Program Files\\nodejs\\node_modules\\npm\\bin\\npm-cli.js',
1 verbose cli   'install' ]
2 info using npm@1.2.14
3 info using node@v0.10.0
4 verbose read json C:\Users\Adam\documents\projects\recordmateangular\package.json
5 verbose readDependencies using package.json deps
6 verbose install where, deps [ 'C:\\Users\\Adam\\documents\\projects\\recordmateangular',
6 verbose install   [ 'angular',
6 verbose install     'angular-gravatar',
6 verbose install     'angular-route',
6 verbose install     'angular-sanitize',
6 verbose install     'body-parser',
6 verbose install     'cookie-parser',
6 verbose install     'express',
6 verbose install     'express-jwt',
6 verbose install     'jsonwebtoken',
6 verbose install     'mongodb',
6 verbose install     'mongoose',
6 verbose install     'morgan',
6 verbose install     'ng-notifications-bar',
6 verbose install     'passport',
6 verbose install     'passport-local',
6 verbose install     'serve-favicon',
6 verbose install     'angular-moment',
6 verbose install     'moment',
6 verbose install     'bower',
6 verbose install     'http-server',
6 verbose install     'jasmine-core',
6 verbose install     'protractor' ] ]
7 verbose from cache C:\Users\Adam\documents\projects\recordmateangular\package.json
8 info preinstall recordmate@1.0.0
9 verbose read json C:\Users\Adam\documents\projects\recordmateangular\node_modules\angular\package.json
10 verbose read json C:\Users\Adam\documents\projects\recordmateangular\node_modules\angular-gravatar\package.json
11 verbose read json C:\Users\Adam\documents\projects\recordmateangular\node_modules\angular-moment\package.json
12 verbose read json C:\Users\Adam\documents\projects\recordmateangular\node_modules\angular-momentjs\package.json
13 verbose read json C:\Users\Adam\documents\projects\recordmateangular\node_modules\angular-route\package.json
14 verbose read json C:\Users\Adam\documents\projects\recordmateangular\node_modules\angular-sanitize\package.json
15 verbose read json C:\Users\Adam\documents\projects\recordmateangular\node_modules\body-parser\package.json
16 verbose read json C:\Users\Adam\documents\projects\recordmateangular\node_modules\bower\package.json
17 verbose read json C:\Users\Adam\documents\projects\recordmateangular\node_modules\cookie-parser\package.json
18 verbose read json C:\Users\Adam\documents\projects\recordmateangular\node_modules\express\package.json
19 verbose read json C:\Users\Adam\documents\projects\recordmateangular\node_modules\express-jwt\package.json
20 verbose read json C:\Users\Adam\documents\projects\recordmateangular\node_modules\http-server\package.json
21 verbose read json C:\Users\Adam\documents\projects\recordmateangular\node_modules\jasmine-core\package.json
22 verbose read json C:\Users\Adam\documents\projects\recordmateangular\node_modules\jsonwebtoken\package.json
23 verbose read json C:\Users\Adam\documents\projects\recordmateangular\node_modules\moment\package.json
24 verbose read json C:\Users\Adam\documents\projects\recordmateangular\node_modules\mongodb\package.json
25 verbose read json C:\Users\Adam\documents\projects\recordmateangular\node_modules\mongoose\package.json
26 verbose read json C:\Users\Adam\documents\projects\recordmateangular\node_modules\morgan\package.json
27 verbose read json C:\Users\Adam\documents\projects\recordmateangular\node_modules\ng-notifications-bar\package.json
28 verbose read json C:\Users\Adam\documents\projects\recordmateangular\node_modules\passport\package.json
29 verbose read json C:\Users\Adam\documents\projects\recordmateangular\node_modules\passport-local\package.json
30 verbose read json C:\Users\Adam\documents\projects\recordmateangular\node_modules\protractor\package.json
31 verbose read json C:\Users\Adam\documents\projects\recordmateangular\node_modules\serve-favicon\package.json
32 verbose from cache C:\Users\Adam\documents\projects\recordmateangular\package.json
33 verbose readDependencies using package.json deps
34 verbose from cache C:\Users\Adam\documents\projects\recordmateangular\node_modules\angular\package.json
35 verbose from cache C:\Users\Adam\documents\projects\recordmateangular\node_modules\angular-gravatar\package.json
36 verbose from cache C:\Users\Adam\documents\projects\recordmateangular\node_modules\angular-moment\package.json
37 verbose from cache C:\Users\Adam\documents\projects\recordmateangular\node_modules\angular-momentjs\package.json
38 verbose from cache C:\Users\Adam\documents\projects\recordmateangular\node_modules\angular-route\package.json
39 verbose from cache C:\Users\Adam\documents\projects\recordmateangular\node_modules\angular-sanitize\package.json
40 verbose from cache C:\Users\Adam\documents\projects\recordmateangular\node_modules\body-parser\package.json
41 verbose from cache C:\Users\Adam\documents\projects\recordmateangular\node_modules\bower\package.json
42 verbose from cache C:\Users\Adam\documents\projects\recordmateangular\node_modules\cookie-parser\package.json
43 verbose from cache C:\Users\Adam\documents\projects\recordmateangular\node_modules\express\package.json
44 verbose from cache C:\Users\Adam\documents\projects\recordmateangular\node_modules\express-jwt\package.json
45 verbose from cache C:\Users\Adam\documents\projects\recordmateangular\node_modules\http-server\package.json
46 verbose from cache C:\Users\Adam\documents\projects\recordmateangular\node_modules\jasmine-core\package.json
47 verbose from cache C:\Users\Adam\documents\projects\recordmateangular\node_modules\jsonwebtoken\package.json
48 verbose from cache C:\Users\Adam\documents\projects\recordmateangular\node_modules\moment\package.json
49 verbose from cache C:\Users\Adam\documents\projects\recordmateangular\node_modules\mongodb\package.json
50 verbose from cache C:\Users\Adam\documents\projects\recordmateangular\node_modules\mongoose\package.json
51 verbose from cache C:\Users\Adam\documents\projects\recordmateangular\node_modules\morgan\package.json
52 verbose from cache C:\Users\Adam\documents\projects\recordmateangular\node_modules\ng-notifications-bar\package.json
53 verbose from cache C:\Users\Adam\documents\projects\recordmateangular\node_modules\passport\package.json
54 verbose from cache C:\Users\Adam\documents\projects\recordmateangular\node_modules\passport-local\package.json
55 verbose from cache C:\Users\Adam\documents\projects\recordmateangular\node_modules\protractor\package.json
56 verbose from cache C:\Users\Adam\documents\projects\recordmateangular\node_modules\serve-favicon\package.json
57 verbose cache add [ 'angular@^1.5.8', null ]
58 verbose cache add name=undefined spec="angular@^1.5.8" args=["angular@^1.5.8",null]
59 verbose parsed url { protocol: null,
59 verbose parsed url   slashes: null,
59 verbose parsed url   auth: null,
59 verbose parsed url   host: null,
59 verbose parsed url   port: null,
59 verbose parsed url   hostname: null,
59 verbose parsed url   hash: null,
59 verbose parsed url   search: null,
59 verbose parsed url   query: null,
59 verbose parsed url   pathname: 'angular@^1.5.8',
59 verbose parsed url   path: 'angular@^1.5.8',
59 verbose parsed url   href: 'angular@^1.5.8' }
60 verbose cache add name="angular" spec="^1.5.8" args=["angular","^1.5.8"]
61 verbose parsed url { protocol: null,
61 verbose parsed url   slashes: null,
61 verbose parsed url   auth: null,
61 verbose parsed url   host: null,
61 verbose parsed url   port: null,
61 verbose parsed url   hostname: null,
61 verbose parsed url   hash: null,
61 verbose parsed url   search: null,
61 verbose parsed url   query: null,
61 verbose parsed url   pathname: '^1.5.8',
61 verbose parsed url   path: '^1.5.8',
61 verbose parsed url   href: '^1.5.8' }
62 verbose addNamed [ 'angular', '^1.5.8' ]
63 verbose addNamed [ null, null ]
64 verbose cache add [ 'angular-gravatar@^0.4.2', null ]
65 verbose cache add name=undefined spec="angular-gravatar@^0.4.2" args=["angular-gravatar@^0.4.2",null]
66 verbose parsed url { protocol: null,
66 verbose parsed url   slashes: null,
66 verbose parsed url   auth: null,
66 verbose parsed url   host: null,
66 verbose parsed url   port: null,
66 verbose parsed url   hostname: null,
66 verbose parsed url   hash: null,
66 verbose parsed url   search: null,
66 verbose parsed url   query: null,
66 verbose parsed url   pathname: 'angular-gravatar@^0.4.2',
66 verbose parsed url   path: 'angular-gravatar@^0.4.2',
66 verbose parsed url   href: 'angular-gravatar@^0.4.2' }
67 verbose cache add name="angular-gravatar" spec="^0.4.2" args=["angular-gravatar","^0.4.2"]
68 verbose parsed url { protocol: null,
68 verbose parsed url   slashes: null,
68 verbose parsed url   auth: null,
68 verbose parsed url   host: null,
68 verbose parsed url   port: null,
68 verbose parsed url   hostname: null,
68 verbose parsed url   hash: null,
68 verbose parsed url   search: null,
68 verbose parsed url   query: null,
68 verbose parsed url   pathname: '^0.4.2',
68 verbose parsed url   path: '^0.4.2',
68 verbose parsed url   href: '^0.4.2' }
69 verbose addNamed [ 'angular-gravatar', '^0.4.2' ]
70 verbose addNamed [ null, null ]
71 verbose cache add [ 'angular-route@^1.5.8', null ]
72 verbose cache add name=undefined spec="angular-route@^1.5.8" args=["angular-route@^1.5.8",null]
73 verbose parsed url { protocol: null,
73 verbose parsed url   slashes: null,
73 verbose parsed url   auth: null,
73 verbose parsed url   host: null,
73 verbose parsed url   port: null,
73 verbose parsed url   hostname: null,
73 verbose parsed url   hash: null,
73 verbose parsed url   search: null,
73 verbose parsed url   query: null,
73 verbose parsed url   pathname: 'angular-route@^1.5.8',
73 verbose parsed url   path: 'angular-route@^1.5.8',
73 verbose parsed url   href: 'angular-route@^1.5.8' }
74 verbose cache add name="angular-route" spec="^1.5.8" args=["angular-route","^1.5.8"]
75 verbose parsed url { protocol: null,
75 verbose parsed url   slashes: null,
75 verbose parsed url   auth: null,
75 verbose parsed url   host: null,
75 verbose parsed url   port: null,
75 verbose parsed url   hostname: null,
75 verbose parsed url   hash: null,
75 verbose parsed url   search: null,
75 verbose parsed url   query: null,
75 verbose parsed url   pathname: '^1.5.8',
75 verbose parsed url   path: '^1.5.8',
75 verbose parsed url   href: '^1.5.8' }
76 verbose addNamed [ 'angular-route', '^1.5.8' ]
77 verbose addNamed [ null, null ]
78 verbose cache add [ 'angular-sanitize@^1.5.8', null ]
79 verbose cache add name=undefined spec="angular-sanitize@^1.5.8" args=["angular-sanitize@^1.5.8",null]
80 verbose parsed url { protocol: null,
80 verbose parsed url   slashes: null,
80 verbose parsed url   auth: null,
80 verbose parsed url   host: null,
80 verbose parsed url   port: null,
80 verbose parsed url   hostname: null,
80 verbose parsed url   hash: null,
80 verbose parsed url   search: null,
80 verbose parsed url   query: null,
80 verbose parsed url   pathname: 'angular-sanitize@^1.5.8',
80 verbose parsed url   path: 'angular-sanitize@^1.5.8',
80 verbose parsed url   href: 'angular-sanitize@^1.5.8' }
81 verbose cache add name="angular-sanitize" spec="^1.5.8" args=["angular-sanitize","^1.5.8"]
82 verbose parsed url { protocol: null,
82 verbose parsed url   slashes: null,
82 verbose parsed url   auth: null,
82 verbose parsed url   host: null,
82 verbose parsed url   port: null,
82 verbose parsed url   hostname: null,
82 verbose parsed url   hash: null,
82 verbose parsed url   search: null,
82 verbose parsed url   query: null,
82 verbose parsed url   pathname: '^1.5.8',
82 verbose parsed url   path: '^1.5.8',
82 verbose parsed url   href: '^1.5.8' }
83 verbose addNamed [ 'angular-sanitize', '^1.5.8' ]
84 verbose addNamed [ null, null ]
85 verbose already installed skipping body-parser@1.15.2 C:\Users\Adam\documents\projects\recordmateangular
86 verbose already installed skipping cookie-parser@~1.4.3 C:\Users\Adam\documents\projects\recordmateangular
87 verbose already installed skipping express@4.14.0 C:\Users\Adam\documents\projects\recordmateangular
88 verbose cache add [ 'express-jwt@^3.0.1', null ]
89 verbose cache add name=undefined spec="express-jwt@^3.0.1" args=["express-jwt@^3.0.1",null]
90 verbose parsed url { protocol: null,
90 verbose parsed url   slashes: null,
90 verbose parsed url   auth: null,
90 verbose parsed url   host: null,
90 verbose parsed url   port: null,
90 verbose parsed url   hostname: null,
90 verbose parsed url   hash: null,
90 verbose parsed url   search: null,
90 verbose parsed url   query: null,
90 verbose parsed url   pathname: 'express-jwt@^3.0.1',
90 verbose parsed url   path: 'express-jwt@^3.0.1',
90 verbose parsed url   href: 'express-jwt@^3.0.1' }
91 verbose cache add name="express-jwt" spec="^3.0.1" args=["express-jwt","^3.0.1"]
92 verbose parsed url { protocol: null,
92 verbose parsed url   slashes: null,
92 verbose parsed url   auth: null,
92 verbose parsed url   host: null,
92 verbose parsed url   port: null,
92 verbose parsed url   hostname: null,
92 verbose parsed url   hash: null,
92 verbose parsed url   search: null,
92 verbose parsed url   query: null,
92 verbose parsed url   pathname: '^3.0.1',
92 verbose parsed url   path: '^3.0.1',
92 verbose parsed url   href: '^3.0.1' }
93 verbose addNamed [ 'express-jwt', '^3.0.1' ]
94 verbose addNamed [ null, null ]
95 verbose already installed skipping jsonwebtoken@5.7.0 C:\Users\Adam\documents\projects\recordmateangular
96 verbose already installed skipping mongodb@2.2.8 C:\Users\Adam\documents\projects\recordmateangular
97 verbose already installed skipping mongoose@4.5.10 C:\Users\Adam\documents\projects\recordmateangular
98 verbose cache add [ 'morgan@^1.7.0', null ]
99 verbose cache add name=undefined spec="morgan@^1.7.0" args=["morgan@^1.7.0",null]
100 verbose parsed url { protocol: null,
100 verbose parsed url   slashes: null,
100 verbose parsed url   auth: null,
100 verbose parsed url   host: null,
100 verbose parsed url   port: null,
100 verbose parsed url   hostname: null,
100 verbose parsed url   hash: null,
100 verbose parsed url   search: null,
100 verbose parsed url   query: null,
100 verbose parsed url   pathname: 'morgan@^1.7.0',
100 verbose parsed url   path: 'morgan@^1.7.0',
100 verbose parsed url   href: 'morgan@^1.7.0' }
101 verbose cache add name="morgan" spec="^1.7.0" args=["morgan","^1.7.0"]
102 verbose parsed url { protocol: null,
102 verbose parsed url   slashes: null,
102 verbose parsed url   auth: null,
102 verbose parsed url   host: null,
102 verbose parsed url   port: null,
102 verbose parsed url   hostname: null,
102 verbose parsed url   hash: null,
102 verbose parsed url   search: null,
102 verbose parsed url   query: null,
102 verbose parsed url   pathname: '^1.7.0',
102 verbose parsed url   path: '^1.7.0',
102 verbose parsed url   href: '^1.7.0' }
103 verbose addNamed [ 'morgan', '^1.7.0' ]
104 verbose addNamed [ null, null ]
105 verbose already installed skipping ng-notifications-bar@0.0.16 C:\Users\Adam\documents\projects\recordmateangular
106 silly lockFile f8d94e08-angular-1-5-8 angular@^1.5.8
107 verbose lock angular@^1.5.8 C:\Users\Adam\AppData\Roaming\npm-cache\f8d94e08-angular-1-5-8.lock
108 silly lockFile 57a04810-angular-route-1-5-8 angular-route@^1.5.8
109 verbose lock angular-route@^1.5.8 C:\Users\Adam\AppData\Roaming\npm-cache\57a04810-angular-route-1-5-8.lock
110 silly lockFile 1b26c0b4-angular-gravatar-0-4-2 angular-gravatar@^0.4.2
111 verbose lock angular-gravatar@^0.4.2 C:\Users\Adam\AppData\Roaming\npm-cache\1b26c0b4-angular-gravatar-0-4-2.lock
112 silly lockFile 949d3b08-angular-sanitize-1-5-8 angular-sanitize@^1.5.8
113 verbose lock angular-sanitize@^1.5.8 C:\Users\Adam\AppData\Roaming\npm-cache\949d3b08-angular-sanitize-1-5-8.lock
114 silly lockFile f4950ee8-express-jwt-3-0-1 express-jwt@^3.0.1
115 verbose lock express-jwt@^3.0.1 C:\Users\Adam\AppData\Roaming\npm-cache\f4950ee8-express-jwt-3-0-1.lock
116 silly lockFile 7011fb16-morgan-1-7-0 morgan@^1.7.0
117 verbose lock morgan@^1.7.0 C:\Users\Adam\AppData\Roaming\npm-cache\7011fb16-morgan-1-7-0.lock
118 info addNameTag [ 'angular', '^1.5.8' ]
119 info addNameTag [ 'angular-route', '^1.5.8' ]
120 info addNameTag [ 'angular-gravatar', '^0.4.2' ]
121 info addNameTag [ 'angular-sanitize', '^1.5.8' ]
122 info addNameTag [ 'express-jwt', '^3.0.1' ]
123 info addNameTag [ 'morgan', '^1.7.0' ]
124 verbose url raw angular-gravatar
125 verbose url resolving [ 'https://registry.npmjs.org/', './angular-gravatar' ]
126 verbose url resolved https://registry.npmjs.org/angular-gravatar
127 info trying registry request attempt 1 at 13:01:25
128 verbose etag "574bf421-4c37"
129 http GET https://registry.npmjs.org/angular-gravatar
130 verbose url raw angular-route
131 verbose url resolving [ 'https://registry.npmjs.org/', './angular-route' ]
132 verbose url resolved https://registry.npmjs.org/angular-route
133 info trying registry request attempt 1 at 13:01:25
134 verbose etag "58126066-14a22"
135 http GET https://registry.npmjs.org/angular-route
136 verbose already installed skipping moment@~2.16.0 C:\Users\Adam\documents\projects\recordmateangular
137 verbose cache add [ 'bower@^1.7.7', null ]
138 verbose cache add name=undefined spec="bower@^1.7.7" args=["bower@^1.7.7",null]
139 verbose parsed url { protocol: null,
139 verbose parsed url   slashes: null,
139 verbose parsed url   auth: null,
139 verbose parsed url   host: null,
139 verbose parsed url   port: null,
139 verbose parsed url   hostname: null,
139 verbose parsed url   hash: null,
139 verbose parsed url   search: null,
139 verbose parsed url   query: null,
139 verbose parsed url   pathname: 'bower@^1.7.7',
139 verbose parsed url   path: 'bower@^1.7.7',
139 verbose parsed url   href: 'bower@^1.7.7' }
140 verbose cache add name="bower" spec="^1.7.7" args=["bower","^1.7.7"]
141 verbose parsed url { protocol: null,
141 verbose parsed url   slashes: null,
141 verbose parsed url   auth: null,
141 verbose parsed url   host: null,
141 verbose parsed url   port: null,
141 verbose parsed url   hostname: null,
141 verbose parsed url   hash: null,
141 verbose parsed url   search: null,
141 verbose parsed url   query: null,
141 verbose parsed url   pathname: '^1.7.7',
141 verbose parsed url   path: '^1.7.7',
141 verbose parsed url   href: '^1.7.7' }
142 verbose addNamed [ 'bower', '^1.7.7' ]
143 verbose addNamed [ null, null ]
144 silly lockFile a93d960f-bower-1-7-7 bower@^1.7.7
145 verbose lock bower@^1.7.7 C:\Users\Adam\AppData\Roaming\npm-cache\a93d960f-bower-1-7-7.lock
146 verbose already installed skipping passport@0.3.2 C:\Users\Adam\documents\projects\recordmateangular
147 verbose already installed skipping passport-local@1.0.0 C:\Users\Adam\documents\projects\recordmateangular
148 verbose cache add [ 'http-server@^0.9.0', null ]
149 verbose cache add name=undefined spec="http-server@^0.9.0" args=["http-server@^0.9.0",null]
150 verbose parsed url { protocol: null,
150 verbose parsed url   slashes: null,
150 verbose parsed url   auth: null,
150 verbose parsed url   host: null,
150 verbose parsed url   port: null,
150 verbose parsed url   hostname: null,
150 verbose parsed url   hash: null,
150 verbose parsed url   search: null,
150 verbose parsed url   query: null,
150 verbose parsed url   pathname: 'http-server@^0.9.0',
150 verbose parsed url   path: 'http-server@^0.9.0',
150 verbose parsed url   href: 'http-server@^0.9.0' }
151 verbose cache add name="http-server" spec="^0.9.0" args=["http-server","^0.9.0"]
152 verbose parsed url { protocol: null,
152 verbose parsed url   slashes: null,
152 verbose parsed url   auth: null,
152 verbose parsed url   host: null,
152 verbose parsed url   port: null,
152 verbose parsed url   hostname: null,
152 verbose parsed url   hash: null,
152 verbose parsed url   search: null,
152 verbose parsed url   query: null,
152 verbose parsed url   pathname: '^0.9.0',
152 verbose parsed url   path: '^0.9.0',
152 verbose parsed url   href: '^0.9.0' }
153 verbose addNamed [ 'http-server', '^0.9.0' ]
154 verbose addNamed [ null, null ]
155 silly lockFile 7ef2a6f4-http-server-0-9-0 http-server@^0.9.0
156 verbose lock http-server@^0.9.0 C:\Users\Adam\AppData\Roaming\npm-cache\7ef2a6f4-http-server-0-9-0.lock
157 verbose already installed skipping serve-favicon@2.3.0 C:\Users\Adam\documents\projects\recordmateangular
158 verbose cache add [ 'jasmine-core@^2.4.1', null ]
159 verbose cache add name=undefined spec="jasmine-core@^2.4.1" args=["jasmine-core@^2.4.1",null]
160 verbose parsed url { protocol: null,
160 verbose parsed url   slashes: null,
160 verbose parsed url   auth: null,
160 verbose parsed url   host: null,
160 verbose parsed url   port: null,
160 verbose parsed url   hostname: null,
160 verbose parsed url   hash: null,
160 verbose parsed url   search: null,
160 verbose parsed url   query: null,
160 verbose parsed url   pathname: 'jasmine-core@^2.4.1',
160 verbose parsed url   path: 'jasmine-core@^2.4.1',
160 verbose parsed url   href: 'jasmine-core@^2.4.1' }
161 verbose cache add name="jasmine-core" spec="^2.4.1" args=["jasmine-core","^2.4.1"]
162 verbose parsed url { protocol: null,
162 verbose parsed url   slashes: null,
162 verbose parsed url   auth: null,
162 verbose parsed url   host: null,
162 verbose parsed url   port: null,
162 verbose parsed url   hostname: null,
162 verbose parsed url   hash: null,
162 verbose parsed url   search: null,
162 verbose parsed url   query: null,
162 verbose parsed url   pathname: '^2.4.1',
162 verbose parsed url   path: '^2.4.1',
162 verbose parsed url   href: '^2.4.1' }
163 verbose addNamed [ 'jasmine-core', '^2.4.1' ]
164 verbose addNamed [ null, null ]
165 silly lockFile 85476558-jasmine-core-2-4-1 jasmine-core@^2.4.1
166 verbose lock jasmine-core@^2.4.1 C:\Users\Adam\AppData\Roaming\npm-cache\85476558-jasmine-core-2-4-1.lock
167 verbose already installed skipping angular-moment@~1.0.0 C:\Users\Adam\documents\projects\recordmateangular
168 verbose cache add [ 'protractor@^3.2.2', null ]
169 verbose cache add name=undefined spec="protractor@^3.2.2" args=["protractor@^3.2.2",null]
170 verbose parsed url { protocol: null,
170 verbose parsed url   slashes: null,
170 verbose parsed url   auth: null,
170 verbose parsed url   host: null,
170 verbose parsed url   port: null,
170 verbose parsed url   hostname: null,
170 verbose parsed url   hash: null,
170 verbose parsed url   search: null,
170 verbose parsed url   query: null,
170 verbose parsed url   pathname: 'protractor@^3.2.2',
170 verbose parsed url   path: 'protractor@^3.2.2',
170 verbose parsed url   href: 'protractor@^3.2.2' }
171 verbose cache add name="protractor" spec="^3.2.2" args=["protractor","^3.2.2"]
172 verbose parsed url { protocol: null,
172 verbose parsed url   slashes: null,
172 verbose parsed url   auth: null,
172 verbose parsed url   host: null,
172 verbose parsed url   port: null,
172 verbose parsed url   hostname: null,
172 verbose parsed url   hash: null,
172 verbose parsed url   search: null,
172 verbose parsed url   query: null,
172 verbose parsed url   pathname: '^3.2.2',
172 verbose parsed url   path: '^3.2.2',
172 verbose parsed url   href: '^3.2.2' }
173 verbose addNamed [ 'protractor', '^3.2.2' ]
174 verbose addNamed [ null, null ]
175 silly lockFile 8695c518-protractor-3-2-2 protractor@^3.2.2
176 verbose lock protractor@^3.2.2 C:\Users\Adam\AppData\Roaming\npm-cache\8695c518-protractor-3-2-2.lock
177 verbose url raw angular-sanitize
178 verbose url resolving [ 'https://registry.npmjs.org/', './angular-sanitize' ]
179 verbose url resolved https://registry.npmjs.org/angular-sanitize
180 info trying registry request attempt 1 at 13:01:25
181 verbose etag "58126072-16698"
182 http GET https://registry.npmjs.org/angular-sanitize
183 verbose url raw angular
184 verbose url resolving [ 'https://registry.npmjs.org/', './angular' ]
185 verbose url resolved https://registry.npmjs.org/angular
186 info trying registry request attempt 1 at 13:01:25
187 verbose etag "5828f1ea-21a80"
188 http GET https://registry.npmjs.org/angular
189 verbose url raw express-jwt
190 verbose url resolving [ 'https://registry.npmjs.org/', './express-jwt' ]
191 verbose url resolved https://registry.npmjs.org/express-jwt
192 info trying registry request attempt 1 at 13:01:25
193 verbose etag "5827d1cf-cf60"
194 http GET https://registry.npmjs.org/express-jwt
195 info addNameTag [ 'bower', '^1.7.7' ]
196 info addNameTag [ 'http-server', '^0.9.0' ]
197 info addNameTag [ 'jasmine-core', '^2.4.1' ]
198 info addNameTag [ 'protractor', '^3.2.2' ]
199 verbose url raw morgan
200 verbose url resolving [ 'https://registry.npmjs.org/', './morgan' ]
201 verbose url resolved https://registry.npmjs.org/morgan
202 info trying registry request attempt 1 at 13:01:25
203 verbose etag "582591f4-b6b7"
204 http GET https://registry.npmjs.org/morgan
205 verbose url raw bower
206 verbose url resolving [ 'https://registry.npmjs.org/', './bower' ]
207 verbose url resolved https://registry.npmjs.org/bower
208 info trying registry request attempt 1 at 13:01:25
209 verbose etag "582966c1-2ab4e"
210 http GET https://registry.npmjs.org/bower
211 verbose url raw jasmine-core
212 verbose url resolving [ 'https://registry.npmjs.org/', './jasmine-core' ]
213 verbose url resolved https://registry.npmjs.org/jasmine-core
214 info trying registry request attempt 1 at 13:01:25
215 verbose etag "582c6635-697e"
216 http GET https://registry.npmjs.org/jasmine-core
217 verbose url raw http-server
218 verbose url resolving [ 'https://registry.npmjs.org/', './http-server' ]
219 verbose url resolved https://registry.npmjs.org/http-server
220 info trying registry request attempt 1 at 13:01:25
221 verbose etag "582c204c-ea2b"
222 http GET https://registry.npmjs.org/http-server
223 verbose url raw protractor
224 verbose url resolving [ 'https://registry.npmjs.org/', './protractor' ]
225 verbose url resolved https://registry.npmjs.org/protractor
226 info trying registry request attempt 1 at 13:01:25
227 verbose etag "582c68c0-22843"
228 http GET https://registry.npmjs.org/protractor
229 http 304 https://registry.npmjs.org/angular-route
230 silly registry.get cb [ 304,
230 silly registry.get   { date: 'Wed, 16 Nov 2016 19:01:23 GMT',
230 silly registry.get     via: '1.1 varnish',
230 silly registry.get     'cache-control': 'max-age=300',
230 silly registry.get     etag: '"58126066-14a22"',
230 silly registry.get     age: '0',
230 silly registry.get     connection: 'keep-alive',
230 silly registry.get     'x-served-by': 'cache-ord1733-ORD',
230 silly registry.get     'x-cache': 'MISS',
230 silly registry.get     'x-cache-hits': '0',
230 silly registry.get     'x-timer': 'S1479322883.536107,VS0,VE25',
230 silly registry.get     vary: 'Accept-Encoding' } ]
231 verbose etag angular-route from cache
232 http 304 https://registry.npmjs.org/angular
233 silly registry.get cb [ 304,
233 silly registry.get   { date: 'Wed, 16 Nov 2016 19:01:23 GMT',
233 silly registry.get     via: '1.1 varnish',
233 silly registry.get     'cache-control': 'max-age=300',
233 silly registry.get     etag: '"5828f1ea-21a80"',
233 silly registry.get     age: '0',
233 silly registry.get     connection: 'keep-alive',
233 silly registry.get     'x-served-by': 'cache-ord1724-ORD',
233 silly registry.get     'x-cache': 'MISS',
233 silly registry.get     'x-cache-hits': '0',
233 silly registry.get     'x-timer': 'S1479322883.543414,VS0,VE19',
233 silly registry.get     vary: 'Accept-Encoding' } ]
234 verbose etag angular from cache
235 http 304 https://registry.npmjs.org/express-jwt
236 silly registry.get cb [ 304,
236 silly registry.get   { date: 'Wed, 16 Nov 2016 19:01:23 GMT',
236 silly registry.get     via: '1.1 varnish',
236 silly registry.get     'cache-control': 'max-age=300',
236 silly registry.get     etag: '"5827d1cf-cf60"',
236 silly registry.get     age: '0',
236 silly registry.get     connection: 'keep-alive',
236 silly registry.get     'x-served-by': 'cache-ord1735-ORD',
236 silly registry.get     'x-cache': 'MISS',
236 silly registry.get     'x-cache-hits': '0',
236 silly registry.get     'x-timer': 'S1479322883.544205,VS0,VE20',
236 silly registry.get     vary: 'Accept-Encoding' } ]
237 verbose etag express-jwt from cache
238 http 304 https://registry.npmjs.org/angular-gravatar
239 silly registry.get cb [ 304,
239 silly registry.get   { date: 'Wed, 16 Nov 2016 19:01:23 GMT',
239 silly registry.get     via: '1.1 varnish',
239 silly registry.get     'cache-control': 'max-age=300',
239 silly registry.get     etag: '"574bf421-4c37"',
239 silly registry.get     age: '0',
239 silly registry.get     connection: 'keep-alive',
239 silly registry.get     'x-served-by': 'cache-ord1734-ORD',
239 silly registry.get     'x-cache': 'MISS',
239 silly registry.get     'x-cache-hits': '0',
239 silly registry.get     'x-timer': 'S1479322883.548733,VS0,VE24',
239 silly registry.get     vary: 'Accept-Encoding' } ]
240 verbose etag angular-gravatar from cache
241 http 304 https://registry.npmjs.org/bower
242 silly registry.get cb [ 304,
242 silly registry.get   { date: 'Wed, 16 Nov 2016 19:01:23 GMT',
242 silly registry.get     via: '1.1 varnish',
242 silly registry.get     'cache-control': 'max-age=300',
242 silly registry.get     etag: '"582966c1-2ab4e"',
242 silly registry.get     age: '115',
242 silly registry.get     connection: 'keep-alive',
242 silly registry.get     'x-served-by': 'cache-ord1724-ORD',
242 silly registry.get     'x-cache': 'HIT',
242 silly registry.get     'x-cache-hits': '1',
242 silly registry.get     'x-timer': 'S1479322883.596835,VS0,VE1',
242 silly registry.get     vary: 'Accept-Encoding' } ]
243 verbose etag bower from cache
244 http 304 https://registry.npmjs.org/jasmine-core
245 silly registry.get cb [ 304,
245 silly registry.get   { date: 'Wed, 16 Nov 2016 19:01:23 GMT',
245 silly registry.get     via: '1.1 varnish',
245 silly registry.get     'cache-control': 'max-age=300',
245 silly registry.get     etag: '"582c6635-697e"',
245 silly registry.get     age: '0',
245 silly registry.get     connection: 'keep-alive',
245 silly registry.get     'x-served-by': 'cache-ord1735-ORD',
245 silly registry.get     'x-cache': 'HIT',
245 silly registry.get     'x-cache-hits': '1',
245 silly registry.get     'x-timer': 'S1479322883.597072,VS0,VE19',
245 silly registry.get     vary: 'Accept-Encoding' } ]
246 verbose etag jasmine-core from cache
247 silly lockFile f4950ee8-express-jwt-3-0-1 express-jwt@^3.0.1
248 silly lockFile f4950ee8-express-jwt-3-0-1 express-jwt@^3.0.1
249 silly lockFile 57a04810-angular-route-1-5-8 angular-route@^1.5.8
250 silly lockFile 57a04810-angular-route-1-5-8 angular-route@^1.5.8
251 silly lockFile f8d94e08-angular-1-5-8 angular@^1.5.8
252 silly lockFile f8d94e08-angular-1-5-8 angular@^1.5.8
253 error Error: No compatible version found: express-jwt@'^3.0.1'
253 error Valid install targets:
253 error ["0.1.0","0.1.1","0.1.2","0.2.0","0.1.3","0.1.4","0.2.1","0.2.2","0.3.0","0.3.1","0.3.2","0.4.0","0.5.0","0.5.1","0.6.1","0.6.2","1.0.0","1.1.0","1.2.0","1.3.0","1.3.1","1.4.0","2.0.0","2.0.1","2.1.0","3.0.0","3.0.1","3.1.0","3.2.0","3.3.0","3.4.0","5.0.0","5.1.0"]
253 error     at installTargetsError (C:\Users\Adam\Documents\Projects\nvm\v0.10.0\node_modules\npm\lib\cache.js:682:10)
253 error     at C:\Users\Adam\Documents\Projects\nvm\v0.10.0\node_modules\npm\lib\cache.js:597:10
253 error     at saved (C:\Users\Adam\Documents\Projects\nvm\v0.10.0\node_modules\npm\node_modules\npm-registry-client\lib\get.js:138:7)
253 error     at Object.oncomplete (fs.js:93:15)
254 error If you need help, you may report this log at:
254 error     <http://github.com/isaacs/npm/issues>
254 error or email it to:
254 error     <npm-@googlegroups.com>
255 error System Windows_NT 6.2.9200
256 error command "C:\\Program Files\\nodejs\\node.exe" "C:\\Program Files\\nodejs\\node_modules\\npm\\bin\\npm-cli.js" "install"
257 error cwd C:\Users\Adam\documents\projects\recordmateangular
258 error node -v v0.10.0
259 error npm -v 1.2.14
260 verbose exit [ 1, true ]
